POSTGRES STRESS TEST: PGX


          /\      |‾‾| /‾‾/   /‾‾/   
     /\  /  \     |  |/  /   /  /    
    /  \/    \    |     (   /   ‾‾\  
   /          \   |  |\  \ |  (‾)  | 
  / __________ \  |__| \__\ \_____/ .io

  execution: local
     script: pgx-api/checkBalances.js
     output: -

  scenarios: (100.00%) 1 scenario, 10 max VUs, 1m0s max duration (incl. graceful stop):
           * default: 10 looping VUs for 30s (gracefulStop: 30s)


     ✓ status was 200

     checks.........................: 100.00% ✓ 49728       ✗ 0    
     data_received..................: 51 MB   1.7 MB/s
     data_sent......................: 6.5 MB  217 kB/s
     http_req_blocked...............: avg=3.64µs  min=0s     med=2µs    max=4.29ms p(90)=4µs    p(95)=5µs   
     http_req_connecting............: avg=132ns   min=0s     med=0s     max=808µs  p(90)=0s     p(95)=0s    
     http_req_duration..............: avg=5.91ms  min=1.29ms med=4.7ms  max=1.01s  p(90)=7.81ms p(95)=9.52ms
       { expected_response:true }...: avg=5.91ms  min=1.29ms med=4.7ms  max=1.01s  p(90)=7.81ms p(95)=9.52ms
     http_req_failed................: 0.00%   ✓ 0           ✗ 49728
     http_req_receiving.............: avg=45.17µs min=12µs   med=37µs   max=2.21ms p(90)=71µs   p(95)=91µs  
     http_req_sending...............: avg=13.04µs min=4µs    med=10µs   max=1.78ms p(90)=18µs   p(95)=24µs  
     http_req_tls_handshaking.......: avg=0s      min=0s     med=0s     max=0s     p(90)=0s     p(95)=0s    
     http_req_waiting...............: avg=5.85ms  min=1.24ms med=4.64ms max=1.01s  p(90)=7.75ms p(95)=9.45ms
     http_reqs......................: 49728   1657.388407/s
     iteration_duration.............: avg=6.01ms  min=1.37ms med=4.8ms  max=1.01s  p(90)=7.92ms p(95)=9.64ms
     iterations.....................: 49728   1657.388407/s
     vus............................: 10      min=10        max=10 
     vus_max........................: 10      min=10        max=10 


running (0m30.0s), 00/10 VUs, 49728 complete and 0 interrupted iterations
default ✓ [======================================] 10 VUs  30s

POSTGRES STRESS TEST: GO-PG


          /\      |‾‾| /‾‾/   /‾‾/   
     /\  /  \     |  |/  /   /  /    
    /  \/    \    |     (   /   ‾‾\  
   /          \   |  |\  \ |  (‾)  | 
  / __________ \  |__| \__\ \_____/ .io

  execution: local
     script: test-harness/gopg-checkBalances.js
     output: -

  scenarios: (100.00%) 1 scenario, 10 max VUs, 1m0s max duration (incl. graceful stop):
           * default: 10 looping VUs for 30s (gracefulStop: 30s)


     ✓ status was 200

     checks.........................: 100.00% ✓ 63127       ✗ 0    
     data_received..................: 68 MB   2.3 MB/s
     data_sent......................: 8.3 MB  276 kB/s
     http_req_blocked...............: avg=3.24µs  min=1µs    med=2µs    max=2.06ms  p(90)=4µs    p(95)=4µs   
     http_req_connecting............: avg=61ns    min=0s     med=0s     max=482µs   p(90)=0s     p(95)=0s    
     http_req_duration..............: avg=4.63ms  min=1.48ms med=4.17ms max=65.74ms p(90)=6.68ms p(95)=7.98ms
       { expected_response:true }...: avg=4.63ms  min=1.48ms med=4.17ms max=65.74ms p(90)=6.68ms p(95)=7.98ms
     http_req_failed................: 0.00%   ✓ 0           ✗ 63127
     http_req_receiving.............: avg=42.68µs min=12µs   med=35µs   max=4.9ms   p(90)=63µs   p(95)=82µs  
     http_req_sending...............: avg=12.95µs min=4µs    med=10µs   max=5.61ms  p(90)=17µs   p(95)=24µs  
     http_req_tls_handshaking.......: avg=0s      min=0s     med=0s     max=0s      p(90)=0s     p(95)=0s    
     http_req_waiting...............: avg=4.58ms  min=1.43ms med=4.11ms max=63.9ms  p(90)=6.62ms p(95)=7.92ms
     http_reqs......................: 63127   2103.743091/s
     iteration_duration.............: avg=4.73ms  min=1.57ms med=4.27ms max=67.9ms  p(90)=6.79ms p(95)=8.1ms 
     iterations.....................: 63127   2103.743091/s
     vus............................: 10      min=10        max=10 
     vus_max........................: 10      min=10        max=10 


running (0m30.0s), 00/10 VUs, 63127 complete and 0 interrupted iterations
default ✓ [======================================] 10 VUs  30s


COCKROACHDB STRESS TEST: PGX

COCKROACHDB STRESS TEST: GO-PG


